#! /c/iverilog/bin/vvp
:ivl_version "0.9.7 " "(v0_9_7)";
:vpi_time_precision + 0;
:vpi_module "system";
:vpi_module "v2005_math";
:vpi_module "va_math";
S_01139098 .scope module, "regFile" "regFile" 2 1;
 .timescale 0 0;
v01138B58_0 .net *"_s0", 4 0, C4<00000>; 1 drivers
v01138BB0_0 .net *"_s10", 4 0, C4<00000>; 1 drivers
v01138C08_0 .net *"_s12", 0 0, L_01161658; 1 drivers
v0125E9C8_0 .net *"_s14", 31 0, C4<00000000000000000000000000000000>; 1 drivers
v0125EA20_0 .net *"_s16", 31 0, L_01160FD0; 1 drivers
v0125EA78_0 .net *"_s2", 0 0, L_01161130; 1 drivers
v01132140_0 .net *"_s4", 31 0, C4<00000000000000000000000000000000>; 1 drivers
v01132198_0 .net *"_s6", 31 0, L_011616B0; 1 drivers
v011321F0_0 .net "clk", 0 0, C4<z>; 0 drivers
v01161238_0 .var/i "i", 31 0;
v01160F78_0 .net "rd", 4 0, C4<zzzzz>; 0 drivers
v011613F0_0 .net "rd1", 31 0, L_011614F8; 1 drivers
v011615A8_0 .net "rd2", 31 0, L_011610D8; 1 drivers
v01161028 .array "regs", 31 0, 31 0;
v01161600_0 .net "rs1", 4 0, C4<zzzzz>; 0 drivers
v01161080_0 .net "rs2", 4 0, C4<zzzzz>; 0 drivers
v01161340_0 .net "wd", 31 0, C4<zzzzzzzzzzzzzzzzzzzzzzzzzzzzzzzz>; 0 drivers
v01161550_0 .net "we", 0 0, C4<z>; 0 drivers
E_012588A0 .event posedge, v011321F0_0;
L_01161130 .cmp/eq 5, C4<zzzzz>, C4<00000>;
L_011616B0 .array/port v01161028, C4<zzzzz>;
L_011614F8 .functor MUXZ 32, L_011616B0, C4<00000000000000000000000000000000>, L_01161130, C4<>;
L_01161658 .cmp/eq 5, C4<zzzzz>, C4<00000>;
L_01160FD0 .array/port v01161028, C4<zzzzz>;
L_011610D8 .functor MUXZ 32, L_01160FD0, C4<00000000000000000000000000000000>, L_01161658, C4<>;
    .scope S_01139098;
T_0 ;
    %set/v v01161238_0, 0, 32;
T_0.0 ;
    %load/v 8, v01161238_0, 32;
   %cmpi/s 8, 32, 32;
    %jmp/0xz T_0.1, 5;
    %ix/getv/s 3, v01161238_0;
   %jmp/1 t_0, 4;
   %ix/load 1, 0, 0;
   %set/av v01161028, 0, 32;
t_0 ;
    %ix/load 0, 1, 0;
    %load/vp0/s 8, v01161238_0, 32;
    %set/v v01161238_0, 8, 32;
    %jmp T_0.0;
T_0.1 ;
    %end;
    .thread T_0;
    .scope S_01139098;
T_1 ;
    %wait E_012588A0;
    %load/v 8, v01161550_0, 1;
    %load/v 9, v01160F78_0, 5;
    %cmpi/u 9, 0, 5;
    %inv 4, 1;
    %mov 9, 4, 1;
    %and 8, 9, 1;
    %jmp/0xz  T_1.0, 8;
    %load/v 8, v01161340_0, 32;
    %ix/getv 3, v01160F78_0;
    %jmp/1 t_1, 4;
    %ix/load 0, 32, 0; word width
    %ix/load 1, 0, 0; part off
    %assign/av v01161028, 0, 8;
t_1 ;
T_1.0 ;
    %jmp T_1;
    .thread T_1;
# The file index is used to find the file name in the following table.
:file_names 3;
    "N/A";
    "<interactive>";
    "regFile.v";
