#! /c/iverilog/bin/vvp
:ivl_version "0.9.7 " "(v0_9_7)";
:vpi_time_precision - 12;
:vpi_module "system";
:vpi_module "v2005_math";
:vpi_module "va_math";
S_01169BC0 .scope module, "tb_ALU" "tb_ALU" 2 3;
 .timescale -9 -12;
v0116BDA8_0 .var "A", 31 0;
v0116BE00_0 .var "B", 31 0;
v0116BE58_0 .net "result", 31 0, v0116D1F8_0; 1 drivers
v01168A40_0 .var "sel", 3 0;
S_01169918 .scope module, "uut" "ALU" 2 11, 3 1, S_01169BC0;
 .timescale 0 0;
v01259900_0 .net "A", 31 0, v0116BDA8_0; 1 drivers
v0116D1A0_0 .net "B", 31 0, v0116BE00_0; 1 drivers
v0116D1F8_0 .var "result", 31 0;
v0116D250_0 .net "sel", 3 0, v01168A40_0; 1 drivers
E_0125B188 .event edge, v0116D250_0, v01259900_0, v0116D1A0_0;
    .scope S_01169918;
T_0 ;
    %wait E_0125B188;
    %load/v 8, v0116D250_0, 4;
    %cmpi/u 8, 0, 4;
    %jmp/1 T_0.0, 6;
    %cmpi/u 8, 1, 4;
    %jmp/1 T_0.1, 6;
    %cmpi/u 8, 2, 4;
    %jmp/1 T_0.2, 6;
    %cmpi/u 8, 3, 4;
    %jmp/1 T_0.3, 6;
    %cmpi/u 8, 4, 4;
    %jmp/1 T_0.4, 6;
    %cmpi/u 8, 5, 4;
    %jmp/1 T_0.5, 6;
    %cmpi/u 8, 6, 4;
    %jmp/1 T_0.6, 6;
    %cmpi/u 8, 7, 4;
    %jmp/1 T_0.7, 6;
    %cmpi/u 8, 8, 4;
    %jmp/1 T_0.8, 6;
    %cmpi/u 8, 9, 4;
    %jmp/1 T_0.9, 6;
    %set/v v0116D1F8_0, 0, 32;
    %jmp T_0.11;
T_0.0 ;
    %load/v 8, v01259900_0, 32;
    %load/v 40, v0116D1A0_0, 32;
    %and 8, 40, 32;
    %set/v v0116D1F8_0, 8, 32;
    %jmp T_0.11;
T_0.1 ;
    %load/v 8, v01259900_0, 32;
    %load/v 40, v0116D1A0_0, 32;
    %or 8, 40, 32;
    %set/v v0116D1F8_0, 8, 32;
    %jmp T_0.11;
T_0.2 ;
    %load/v 8, v01259900_0, 32;
    %load/v 40, v0116D1A0_0, 32;
    %add 8, 40, 32;
    %set/v v0116D1F8_0, 8, 32;
    %jmp T_0.11;
T_0.3 ;
    %load/v 8, v01259900_0, 32;
    %load/v 40, v0116D1A0_0, 32;
    %xor 8, 40, 32;
    %set/v v0116D1F8_0, 8, 32;
    %jmp T_0.11;
T_0.4 ;
    %load/v 8, v01259900_0, 32;
    %load/v 40, v0116D1A0_0, 5; Only need 5 of 32 bits
; Save base=40 wid=5 in lookaside.
    %ix/get 0, 40, 5;
    %shiftl/i0  8, 32;
    %set/v v0116D1F8_0, 8, 32;
    %jmp T_0.11;
T_0.5 ;
    %load/v 8, v01259900_0, 32;
    %load/v 40, v0116D1A0_0, 5; Only need 5 of 32 bits
; Save base=40 wid=5 in lookaside.
    %ix/get 0, 40, 5;
    %shiftr/i0  8, 32;
    %set/v v0116D1F8_0, 8, 32;
    %jmp T_0.11;
T_0.6 ;
    %load/v 8, v01259900_0, 32;
    %load/v 40, v0116D1A0_0, 32;
    %sub 8, 40, 32;
    %set/v v0116D1F8_0, 8, 32;
    %jmp T_0.11;
T_0.7 ;
    %load/v 8, v01259900_0, 32;
    %load/v 40, v0116D1A0_0, 5; Only need 5 of 32 bits
; Save base=40 wid=5 in lookaside.
    %ix/get 0, 40, 5;
    %shiftr/s/i0  8, 32;
    %set/v v0116D1F8_0, 8, 32;
    %jmp T_0.11;
T_0.8 ;
    %load/v 8, v01259900_0, 32;
    %load/v 40, v0116D1A0_0, 32;
    %cmp/s 8, 40, 32;
    %mov 8, 5, 1;
    %jmp/0  T_0.12, 8;
    %movi 9, 1, 32;
    %jmp/1  T_0.14, 8;
T_0.12 ; End of true expr.
    %jmp/0  T_0.13, 8;
 ; End of false expr.
    %blend  9, 0, 32; Condition unknown.
    %jmp  T_0.14;
T_0.13 ;
    %mov 9, 0, 32; Return false value
T_0.14 ;
    %set/v v0116D1F8_0, 9, 32;
    %jmp T_0.11;
T_0.9 ;
    %load/v 8, v01259900_0, 32;
    %load/v 40, v0116D1A0_0, 32;
    %cmp/u 8, 40, 32;
    %mov 8, 5, 1;
    %jmp/0  T_0.15, 8;
    %movi 9, 1, 32;
    %jmp/1  T_0.17, 8;
T_0.15 ; End of true expr.
    %jmp/0  T_0.16, 8;
 ; End of false expr.
    %blend  9, 0, 32; Condition unknown.
    %jmp  T_0.17;
T_0.16 ;
    %mov 9, 0, 32; Return false value
T_0.17 ;
    %set/v v0116D1F8_0, 9, 32;
    %jmp T_0.11;
T_0.11 ;
    %jmp T_0;
    .thread T_0, $push;
    .scope S_01169BC0;
T_1 ;
    %vpi_call 2 19 "$dumpfile", "../waveform/tb_ALU.vcd";
    %vpi_call 2 20 "$dumpvars", 1'sb0, S_01169BC0;
    %vpi_call 2 21 "$monitor", "A: %h | B: %h | sel: %b | result: %h", v0116BDA8_0, v0116BE00_0, v01168A40_0, v0116BE58_0;
    %movi 8, 2863311530, 32;
    %set/v v0116BDA8_0, 8, 32;
    %movi 8, 1431655765, 32;
    %set/v v0116BE00_0, 8, 32;
    %set/v v01168A40_0, 0, 4;
    %delay 10000, 0;
    %movi 8, 2863311530, 32;
    %set/v v0116BDA8_0, 8, 32;
    %movi 8, 1431655765, 32;
    %set/v v0116BE00_0, 8, 32;
    %movi 8, 1, 4;
    %set/v v01168A40_0, 8, 4;
    %delay 10000, 0;
    %movi 8, 10, 32;
    %set/v v0116BDA8_0, 8, 32;
    %movi 8, 20, 32;
    %set/v v0116BE00_0, 8, 32;
    %movi 8, 2, 4;
    %set/v v01168A40_0, 8, 4;
    %delay 10000, 0;
    %movi 8, 2863311530, 32;
    %set/v v0116BDA8_0, 8, 32;
    %movi 8, 1431655765, 32;
    %set/v v0116BE00_0, 8, 32;
    %movi 8, 3, 4;
    %set/v v01168A40_0, 8, 4;
    %delay 10000, 0;
    %movi 8, 1, 32;
    %set/v v0116BDA8_0, 8, 32;
    %movi 8, 5, 32;
    %set/v v0116BE00_0, 8, 32;
    %movi 8, 4, 4;
    %set/v v01168A40_0, 8, 4;
    %delay 10000, 0;
    %movi 8, 2147483648, 32;
    %set/v v0116BDA8_0, 8, 32;
    %movi 8, 1, 32;
    %set/v v0116BE00_0, 8, 32;
    %movi 8, 5, 4;
    %set/v v01168A40_0, 8, 4;
    %delay 10000, 0;
    %movi 8, 30, 32;
    %set/v v0116BDA8_0, 8, 32;
    %movi 8, 10, 32;
    %set/v v0116BE00_0, 8, 32;
    %movi 8, 6, 4;
    %set/v v01168A40_0, 8, 4;
    %delay 10000, 0;
    %movi 8, 2147483648, 32;
    %set/v v0116BDA8_0, 8, 32;
    %movi 8, 1, 32;
    %set/v v0116BE00_0, 8, 32;
    %movi 8, 7, 4;
    %set/v v01168A40_0, 8, 4;
    %delay 10000, 0;
    %set/v v0116BDA8_0, 1, 32;
    %set/v v0116BE00_0, 0, 32;
    %movi 8, 8, 4;
    %set/v v01168A40_0, 8, 4;
    %delay 10000, 0;
    %set/v v0116BDA8_0, 0, 32;
    %set/v v0116BE00_0, 1, 32;
    %movi 8, 8, 4;
    %set/v v01168A40_0, 8, 4;
    %delay 10000, 0;
    %set/v v0116BDA8_0, 1, 32;
    %set/v v0116BE00_0, 0, 32;
    %movi 8, 9, 4;
    %set/v v01168A40_0, 8, 4;
    %delay 10000, 0;
    %set/v v0116BDA8_0, 0, 32;
    %set/v v0116BE00_0, 1, 32;
    %movi 8, 9, 4;
    %set/v v01168A40_0, 8, 4;
    %delay 10000, 0;
    %set/v v01168A40_0, 1, 4;
    %delay 10000, 0;
    %vpi_call 2 37 "$stop";
    %end;
    .thread T_1;
# The file index is used to find the file name in the following table.
:file_names 4;
    "N/A";
    "<interactive>";
    "tb_ALU.v";
    "ALU.v";
