#! /c/iverilog/bin/vvp
:ivl_version "0.9.7 " "(v0_9_7)";
:vpi_time_precision - 12;
:vpi_module "system";
:vpi_module "v2005_math";
:vpi_module "va_math";
S_0115E6B8 .scope module, "tb_ALUCtrl" "tb_ALUCtrl" 2 3;
 .timescale -9 -12;
v01160768_0 .net "alu_ctrl", 3 0, v011645A0_0; 1 drivers
v011607C0_0 .var "funct3", 2 0;
v01160818_0 .var "funct7", 6 0;
S_0115EC90 .scope module, "uut" "ALUCtrl" 2 10, 3 1, S_0115E6B8;
 .timescale 0 0;
v011645A0_0 .var "alu_ctrl", 3 0;
v011645F8_0 .net "funct3", 2 0, v011607C0_0; 1 drivers
v01164650_0 .net "funct7", 6 0, v01160818_0; 1 drivers
E_01165CF8 .event edge, v01164650_0, v011645F8_0;
    .scope S_0115EC90;
T_0 ;
    %wait E_01165CF8;
    %load/v 8, v011645F8_0, 3;
    %load/v 11, v01164650_0, 7;
    %cmpi/u 8, 0, 10;
    %jmp/1 T_0.0, 6;
    %cmpi/u 8, 256, 10;
    %jmp/1 T_0.1, 6;
    %cmpi/u 8, 7, 10;
    %jmp/1 T_0.2, 6;
    %cmpi/u 8, 6, 10;
    %jmp/1 T_0.3, 6;
    %cmpi/u 8, 4, 10;
    %jmp/1 T_0.4, 6;
    %cmpi/u 8, 1, 10;
    %jmp/1 T_0.5, 6;
    %cmpi/u 8, 5, 10;
    %jmp/1 T_0.6, 6;
    %cmpi/u 8, 261, 10;
    %jmp/1 T_0.7, 6;
    %cmpi/u 8, 2, 10;
    %jmp/1 T_0.8, 6;
    %cmpi/u 8, 3, 10;
    %jmp/1 T_0.9, 6;
    %set/v v011645A0_0, 0, 4;
    %jmp T_0.11;
T_0.0 ;
    %movi 8, 2, 4;
    %set/v v011645A0_0, 8, 4;
    %jmp T_0.11;
T_0.1 ;
    %movi 8, 6, 4;
    %set/v v011645A0_0, 8, 4;
    %jmp T_0.11;
T_0.2 ;
    %set/v v011645A0_0, 0, 4;
    %jmp T_0.11;
T_0.3 ;
    %movi 8, 1, 4;
    %set/v v011645A0_0, 8, 4;
    %jmp T_0.11;
T_0.4 ;
    %movi 8, 3, 4;
    %set/v v011645A0_0, 8, 4;
    %jmp T_0.11;
T_0.5 ;
    %movi 8, 4, 4;
    %set/v v011645A0_0, 8, 4;
    %jmp T_0.11;
T_0.6 ;
    %movi 8, 5, 4;
    %set/v v011645A0_0, 8, 4;
    %jmp T_0.11;
T_0.7 ;
    %movi 8, 7, 4;
    %set/v v011645A0_0, 8, 4;
    %jmp T_0.11;
T_0.8 ;
    %movi 8, 8, 4;
    %set/v v011645A0_0, 8, 4;
    %jmp T_0.11;
T_0.9 ;
    %movi 8, 9, 4;
    %set/v v011645A0_0, 8, 4;
    %jmp T_0.11;
T_0.11 ;
    %jmp T_0;
    .thread T_0, $push;
    .scope S_0115E6B8;
T_1 ;
    %vpi_call 2 17 "$dumpfile", "../waveform/tb_ALUCtrl.vcd";
    %vpi_call 2 18 "$dumpvars", 1'sb0, S_0115E6B8;
    %vpi_call 2 19 "$monitor", "funct7: %b | funct3: %b | alu_ctrl: %b", v01160818_0, v011607C0_0, v01160768_0;
    %set/v v01160818_0, 0, 7;
    %set/v v011607C0_0, 0, 3;
    %delay 10000, 0;
    %movi 8, 32, 7;
    %set/v v01160818_0, 8, 7;
    %set/v v011607C0_0, 0, 3;
    %delay 10000, 0;
    %set/v v01160818_0, 0, 7;
    %set/v v011607C0_0, 1, 3;
    %delay 10000, 0;
    %set/v v01160818_0, 0, 7;
    %movi 8, 6, 3;
    %set/v v011607C0_0, 8, 3;
    %delay 10000, 0;
    %set/v v01160818_0, 0, 7;
    %movi 8, 4, 3;
    %set/v v011607C0_0, 8, 3;
    %delay 10000, 0;
    %set/v v01160818_0, 0, 7;
    %movi 8, 1, 3;
    %set/v v011607C0_0, 8, 3;
    %delay 10000, 0;
    %set/v v01160818_0, 0, 7;
    %movi 8, 5, 3;
    %set/v v011607C0_0, 8, 3;
    %delay 10000, 0;
    %movi 8, 32, 7;
    %set/v v01160818_0, 8, 7;
    %movi 8, 5, 3;
    %set/v v011607C0_0, 8, 3;
    %delay 10000, 0;
    %set/v v01160818_0, 0, 7;
    %movi 8, 2, 3;
    %set/v v011607C0_0, 8, 3;
    %delay 10000, 0;
    %set/v v01160818_0, 0, 7;
    %movi 8, 3, 3;
    %set/v v011607C0_0, 8, 3;
    %delay 10000, 0;
    %set/v v01160818_0, 1, 7;
    %set/v v011607C0_0, 1, 3;
    %delay 10000, 0;
    %vpi_call 2 33 "$stop";
    %end;
    .thread T_1;
# The file index is used to find the file name in the following table.
:file_names 4;
    "N/A";
    "<interactive>";
    "tb_ALUCtrl.v";
    "ALUCtrl.v";
