#! /c/iverilog/bin/vvp
:ivl_version "0.9.7 " "(v0_9_7)";
:vpi_time_precision - 12;
:vpi_module "system";
:vpi_module "v2005_math";
:vpi_module "va_math";
S_011D9B38 .scope module, "tb_ROM" "tb_ROM" 2 1;
 .timescale -9 -12;
v011DBE58_0 .net *"_s2", 29 0, L_0119E7B8; 1 drivers
v011D8A40_0 .net *"_s4", 1 0, C4<00>; 1 drivers
v011D8A98_0 .var "addr", 31 0;
v011D8AF0_0 .net "instr", 31 0, L_011DB458; 1 drivers
v0119E760_0 .net "word_addr", 31 0, L_0119E810; 1 drivers
L_0119E7B8 .part v011D8A98_0, 2, 30;
L_0119E810 .concat [ 30 2 0 0], L_0119E7B8, C4<00>;
S_011D9DE0 .scope module, "uut" "ROM" 2 8, 3 1, S_011D9B38;
 .timescale 0 0;
L_011DB458 .functor BUFZ 32, L_0119B210, C4<00000000000000000000000000000000>, C4<00000000000000000000000000000000>, C4<00000000000000000000000000000000>;
v011DD1A0_0 .net *"_s0", 31 0, L_0119B210; 1 drivers
v011DD1F8_0 .net *"_s3", 29 0, L_0119B4D0; 1 drivers
v011DD250_0 .net "addr", 31 0, v011D8A98_0; 1 drivers
v011DBDA8_0 .alias "instr", 31 0, v011D8AF0_0;
v011DBE00 .array "memory", 255 0, 31 0;
L_0119B210 .array/port v011DBE00, L_0119B4D0;
L_0119B4D0 .part v011D8A98_0, 2, 30;
    .scope S_011D9DE0;
T_0 ;
    %movi 8, 2130355, 32;
   %ix/load 1, 0, 0;
   %ix/load 3, 0, 0;
   %set/av v011DBE00, 8, 32;
    %movi 8, 1074889267, 32;
   %ix/load 1, 0, 0;
   %ix/load 3, 1, 0;
   %set/av v011DBE00, 8, 32;
    %movi 8, 4321971, 32;
   %ix/load 1, 0, 0;
   %ix/load 3, 2, 0;
   %set/av v011DBE00, 8, 32;
    %movi 8, 1237811, 32;
   %ix/load 1, 0, 0;
   %ix/load 3, 3, 0;
   %set/av v011DBE00, 8, 32;
    %movi 8, 2311091, 32;
   %ix/load 1, 0, 0;
   %ix/load 3, 4, 0;
   %set/av v011DBE00, 8, 32;
    %end;
    .thread T_0;
    .scope S_011D9B38;
T_1 ;
    %vpi_call 2 14 "$dumpfile", "../waveform/tb_ROM.vcd";
    %vpi_call 2 15 "$dumpvars", 1'sb0, S_011D9B38;
    %vpi_call 2 16 "$monitor", "addr: %0d | instr: %b", v0119E760_0, v011D8AF0_0;
    %set/v v011D8A98_0, 0, 32;
    %delay 10000, 0;
    %movi 8, 4, 32;
    %set/v v011D8A98_0, 8, 32;
    %delay 10000, 0;
    %movi 8, 8, 32;
    %set/v v011D8A98_0, 8, 32;
    %delay 10000, 0;
    %movi 8, 12, 32;
    %set/v v011D8A98_0, 8, 32;
    %delay 10000, 0;
    %movi 8, 16, 32;
    %set/v v011D8A98_0, 8, 32;
    %delay 10000, 0;
    %vpi_call 2 24 "$stop";
    %end;
    .thread T_1;
# The file index is used to find the file name in the following table.
:file_names 4;
    "N/A";
    "<interactive>";
    "tb_ROM.v";
    "ROM.v";
