#! /usr/local/bin/vvp
:ivl_version "10.3 (stable)" "(v10_3)";
:ivl_delay_selection "TYPICAL";
:vpi_time_precision + 0;
:vpi_module "system";
:vpi_module "vhdl_sys";
:vpi_module "v2005_math";
:vpi_module "va_math";
S_0x9c546a0 .scope module, "tb_accumulator" "tb_accumulator" 2 1;
 .timescale 0 0;
P_0x9c31c70 .param/l "N" 0 2 3, +C4<00000000000000000000000000001000>;
v0x9c521b0_0 .var "clk", 0 0;
v0x9c52238_0 .var "data_in", 7 0;
v0x9c522b0_0 .var "enable", 0 0;
v0x9c52328_0 .var "rst", 0 0;
v0x9c523a0_0 .net "sum", 7 0, v0x9c520c0_0;  1 drivers
E_0x9c53bc0 .event posedge, v0x9c54798_0;
S_0x9c53640 .scope module, "uut" "accumulator" 2 9, 3 1 0, S_0x9c546a0;
 .timescale 0 0;
    .port_info 0 /INPUT 1 "clk"
    .port_info 1 /INPUT 1 "rst"
    .port_info 2 /INPUT 1 "enable"
    .port_info 3 /INPUT 8 "data_in"
    .port_info 4 /OUTPUT 8 "sum"
P_0x9c53730 .param/l "N" 0 3 2, +C4<00000000000000000000000000001000>;
v0x9c54798_0 .net "clk", 0 0, v0x9c521b0_0;  1 drivers
v0x9c51f70_0 .net "data_in", 7 0, v0x9c52238_0;  1 drivers
v0x9c51fe8_0 .net "enable", 0 0, v0x9c522b0_0;  1 drivers
v0x9c52058_0 .net "rst", 0 0, v0x9c52328_0;  1 drivers
v0x9c520c0_0 .var "sum", 7 0;
E_0x9c538a8 .event posedge, v0x9c52058_0, v0x9c54798_0;
    .scope S_0x9c53640;
T_0 ;
    %wait E_0x9c538a8;
    %load/vec4 v0x9c52058_0;
    %flag_set/vec4 8;
    %jmp/0xz  T_0.0, 8;
    %pushi/vec4 0, 0, 8;
    %assign/vec4 v0x9c520c0_0, 0;
    %jmp T_0.1;
T_0.0 ;
    %load/vec4 v0x9c51fe8_0;
    %flag_set/vec4 8;
    %jmp/0xz  T_0.2, 8;
    %load/vec4 v0x9c520c0_0;
    %load/vec4 v0x9c51f70_0;
    %add;
    %assign/vec4 v0x9c520c0_0, 0;
T_0.2 ;
T_0.1 ;
    %jmp T_0;
    .thread T_0;
    .scope S_0x9c546a0;
T_1 ;
    %delay 5, 0;
    %load/vec4 v0x9c521b0_0;
    %inv;
    %store/vec4 v0x9c521b0_0, 0, 1;
    %jmp T_1;
    .thread T_1;
    .scope S_0x9c546a0;
T_2 ;
    %wait E_0x9c53bc0;
    %vpi_call 2 20 "$display", "sum=%0d | enable=%b | data_in=%0d", v0x9c523a0_0, v0x9c522b0_0, v0x9c52238_0 {0 0 0};
    %jmp T_2;
    .thread T_2;
    .scope S_0x9c546a0;
T_3 ;
    %pushi/vec4 0, 0, 1;
    %store/vec4 v0x9c521b0_0, 0, 1;
    %pushi/vec4 1, 0, 1;
    %store/vec4 v0x9c52328_0, 0, 1;
    %pushi/vec4 0, 0, 1;
    %store/vec4 v0x9c522b0_0, 0, 1;
    %pushi/vec4 0, 0, 8;
    %store/vec4 v0x9c52238_0, 0, 8;
    %delay 12, 0;
    %pushi/vec4 0, 0, 1;
    %store/vec4 v0x9c52328_0, 0, 1;
    %pushi/vec4 1, 0, 1;
    %store/vec4 v0x9c522b0_0, 0, 1;
    %pushi/vec4 10, 0, 8;
    %store/vec4 v0x9c52238_0, 0, 8;
    %delay 10, 0;
    %pushi/vec4 20, 0, 8;
    %store/vec4 v0x9c52238_0, 0, 8;
    %delay 10, 0;
    %pushi/vec4 5, 0, 8;
    %store/vec4 v0x9c52238_0, 0, 8;
    %delay 10, 0;
    %pushi/vec4 0, 0, 1;
    %store/vec4 v0x9c522b0_0, 0, 1;
    %delay 10, 0;
    %pushi/vec4 99, 0, 8;
    %store/vec4 v0x9c52238_0, 0, 8;
    %delay 10, 0;
    %pushi/vec4 1, 0, 1;
    %store/vec4 v0x9c522b0_0, 0, 1;
    %pushi/vec4 1, 0, 8;
    %store/vec4 v0x9c52238_0, 0, 8;
    %delay 20, 0;
    %pushi/vec4 1, 0, 1;
    %store/vec4 v0x9c52328_0, 0, 1;
    %delay 10, 0;
    %pushi/vec4 0, 0, 1;
    %store/vec4 v0x9c52328_0, 0, 1;
    %delay 10, 0;
    %vpi_call 2 34 "$finish" {0 0 0};
    %end;
    .thread T_3;
# The file index is used to find the file name in the following table.
:file_names 4;
    "N/A";
    "<interactive>";
    "tb_accumulator.v";
    "accumulator.v";
