#! /usr/local/bin/vvp
:ivl_version "10.3 (stable)" "(v10_3)";
:ivl_delay_selection "TYPICAL";
:vpi_time_precision + 0;
:vpi_module "system";
:vpi_module "vhdl_sys";
:vpi_module "v2005_math";
:vpi_module "va_math";
S_0x91a0e18 .scope module, "tb_encoder8to3behavioral" "tb_encoder8to3behavioral" 2 1;
 .timescale 0 0;
v0x919c400_0 .var "I", 7 0;
v0x919c488_0 .net "Y", 2 0, v0x919c358_0;  1 drivers
S_0x91a0ee0 .scope module, "uut" "encoder8to3behavioral" 2 6, 3 1 0, S_0x91a0e18;
 .timescale 0 0;
    .port_info 0 /INPUT 8 "I"
    .port_info 1 /OUTPUT 3 "Y"
v0x91a24c0_0 .net "I", 7 0, v0x919c400_0;  1 drivers
v0x919c358_0 .var "Y", 2 0;
E_0x917b8b8 .event edge, v0x91a24c0_0;
    .scope S_0x91a0ee0;
T_0 ;
    %wait E_0x917b8b8;
    %load/vec4 v0x91a24c0_0;
    %dup/vec4;
    %pushi/vec4 1, 0, 8;
    %cmp/u;
    %jmp/1 T_0.0, 6;
    %dup/vec4;
    %pushi/vec4 2, 0, 8;
    %cmp/u;
    %jmp/1 T_0.1, 6;
    %dup/vec4;
    %pushi/vec4 4, 0, 8;
    %cmp/u;
    %jmp/1 T_0.2, 6;
    %dup/vec4;
    %pushi/vec4 8, 0, 8;
    %cmp/u;
    %jmp/1 T_0.3, 6;
    %dup/vec4;
    %pushi/vec4 16, 0, 8;
    %cmp/u;
    %jmp/1 T_0.4, 6;
    %dup/vec4;
    %pushi/vec4 32, 0, 8;
    %cmp/u;
    %jmp/1 T_0.5, 6;
    %dup/vec4;
    %pushi/vec4 64, 0, 8;
    %cmp/u;
    %jmp/1 T_0.6, 6;
    %dup/vec4;
    %pushi/vec4 128, 0, 8;
    %cmp/u;
    %jmp/1 T_0.7, 6;
    %pushi/vec4 7, 7, 3;
    %store/vec4 v0x919c358_0, 0, 3;
    %jmp T_0.9;
T_0.0 ;
    %pushi/vec4 0, 0, 3;
    %store/vec4 v0x919c358_0, 0, 3;
    %jmp T_0.9;
T_0.1 ;
    %pushi/vec4 1, 0, 3;
    %store/vec4 v0x919c358_0, 0, 3;
    %jmp T_0.9;
T_0.2 ;
    %pushi/vec4 2, 0, 3;
    %store/vec4 v0x919c358_0, 0, 3;
    %jmp T_0.9;
T_0.3 ;
    %pushi/vec4 3, 0, 3;
    %store/vec4 v0x919c358_0, 0, 3;
    %jmp T_0.9;
T_0.4 ;
    %pushi/vec4 4, 0, 3;
    %store/vec4 v0x919c358_0, 0, 3;
    %jmp T_0.9;
T_0.5 ;
    %pushi/vec4 5, 0, 3;
    %store/vec4 v0x919c358_0, 0, 3;
    %jmp T_0.9;
T_0.6 ;
    %pushi/vec4 6, 0, 3;
    %store/vec4 v0x919c358_0, 0, 3;
    %jmp T_0.9;
T_0.7 ;
    %pushi/vec4 7, 0, 3;
    %store/vec4 v0x919c358_0, 0, 3;
    %jmp T_0.9;
T_0.9 ;
    %pop/vec4 1;
    %jmp T_0;
    .thread T_0, $push;
    .scope S_0x91a0e18;
T_1 ;
    %vpi_call 2 12 "$dumpfile", "tb_encoder8to3behavioral.vcd" {0 0 0};
    %vpi_call 2 13 "$dumpvars", 32'sb00000000000000000000000000000000, S_0x91a0e18 {0 0 0};
    %vpi_call 2 15 "$monitor", "I=%b | Y=%b", v0x919c400_0, v0x919c488_0 {0 0 0};
    %pushi/vec4 1, 0, 8;
    %store/vec4 v0x919c400_0, 0, 8;
    %delay 10, 0;
    %pushi/vec4 2, 0, 8;
    %store/vec4 v0x919c400_0, 0, 8;
    %delay 10, 0;
    %pushi/vec4 4, 0, 8;
    %store/vec4 v0x919c400_0, 0, 8;
    %delay 10, 0;
    %pushi/vec4 8, 0, 8;
    %store/vec4 v0x919c400_0, 0, 8;
    %delay 10, 0;
    %pushi/vec4 16, 0, 8;
    %store/vec4 v0x919c400_0, 0, 8;
    %delay 10, 0;
    %pushi/vec4 32, 0, 8;
    %store/vec4 v0x919c400_0, 0, 8;
    %delay 10, 0;
    %pushi/vec4 64, 0, 8;
    %store/vec4 v0x919c400_0, 0, 8;
    %delay 10, 0;
    %pushi/vec4 128, 0, 8;
    %store/vec4 v0x919c400_0, 0, 8;
    %delay 10, 0;
    %vpi_call 2 26 "$finish" {0 0 0};
    %end;
    .thread T_1;
# The file index is used to find the file name in the following table.
:file_names 4;
    "N/A";
    "<interactive>";
    "tb_encoder8to3behavioral.v";
    "encoder8to3behavioral.v";
