#! /c/iverilog/bin/vvp
:ivl_version "0.9.7 " "(v0_9_7)";
:vpi_time_precision + 0;
:vpi_module "system";
:vpi_module "v2005_math";
:vpi_module "va_math";
S_011D3C98 .scope module, "tb_encoder8to3behavioral" "tb_encoder8to3behavioral" 2 1;
 .timescale 0 0;
v011F08B0_0 .var "I", 7 0;
v011F0908_0 .net "Y", 2 0, v011F0858_0; 1 drivers
S_011D3D20 .scope module, "uut" "encoder8to3behavioral" 2 6, 3 1, S_011D3C98;
 .timescale 0 0;
v011DD1C0_0 .net "I", 7 0, v011F08B0_0; 1 drivers
v011F0858_0 .var "Y", 2 0;
E_011DEAA8 .event edge, v011DD1C0_0;
    .scope S_011D3D20;
T_0 ;
    %wait E_011DEAA8;
    %load/v 8, v011DD1C0_0, 8;
    %cmpi/u 8, 1, 8;
    %jmp/1 T_0.0, 6;
    %cmpi/u 8, 2, 8;
    %jmp/1 T_0.1, 6;
    %cmpi/u 8, 4, 8;
    %jmp/1 T_0.2, 6;
    %cmpi/u 8, 8, 8;
    %jmp/1 T_0.3, 6;
    %cmpi/u 8, 16, 8;
    %jmp/1 T_0.4, 6;
    %cmpi/u 8, 32, 8;
    %jmp/1 T_0.5, 6;
    %cmpi/u 8, 64, 8;
    %jmp/1 T_0.6, 6;
    %cmpi/u 8, 128, 8;
    %jmp/1 T_0.7, 6;
    %set/v v011F0858_0, 2, 3;
    %jmp T_0.9;
T_0.0 ;
    %set/v v011F0858_0, 0, 3;
    %jmp T_0.9;
T_0.1 ;
    %movi 8, 1, 3;
    %set/v v011F0858_0, 8, 3;
    %jmp T_0.9;
T_0.2 ;
    %movi 8, 2, 3;
    %set/v v011F0858_0, 8, 3;
    %jmp T_0.9;
T_0.3 ;
    %movi 8, 3, 3;
    %set/v v011F0858_0, 8, 3;
    %jmp T_0.9;
T_0.4 ;
    %movi 8, 4, 3;
    %set/v v011F0858_0, 8, 3;
    %jmp T_0.9;
T_0.5 ;
    %movi 8, 5, 3;
    %set/v v011F0858_0, 8, 3;
    %jmp T_0.9;
T_0.6 ;
    %movi 8, 6, 3;
    %set/v v011F0858_0, 8, 3;
    %jmp T_0.9;
T_0.7 ;
    %set/v v011F0858_0, 1, 3;
    %jmp T_0.9;
T_0.9 ;
    %jmp T_0;
    .thread T_0, $push;
    .scope S_011D3C98;
T_1 ;
    %vpi_call 2 12 "$dumpfile", "tb_encoder8to3behavioral.vcd";
    %vpi_call 2 13 "$dumpvars", 1'sb0, S_011D3C98;
    %vpi_call 2 15 "$monitor", "I=%b | Y=%b", v011F08B0_0, v011F0908_0;
    %movi 8, 1, 8;
    %set/v v011F08B0_0, 8, 8;
    %delay 10, 0;
    %movi 8, 2, 8;
    %set/v v011F08B0_0, 8, 8;
    %delay 10, 0;
    %movi 8, 4, 8;
    %set/v v011F08B0_0, 8, 8;
    %delay 10, 0;
    %movi 8, 8, 8;
    %set/v v011F08B0_0, 8, 8;
    %delay 10, 0;
    %movi 8, 16, 8;
    %set/v v011F08B0_0, 8, 8;
    %delay 10, 0;
    %movi 8, 32, 8;
    %set/v v011F08B0_0, 8, 8;
    %delay 10, 0;
    %movi 8, 64, 8;
    %set/v v011F08B0_0, 8, 8;
    %delay 10, 0;
    %movi 8, 128, 8;
    %set/v v011F08B0_0, 8, 8;
    %delay 10, 0;
    %vpi_call 2 26 "$finish";
    %end;
    .thread T_1;
# The file index is used to find the file name in the following table.
:file_names 4;
    "N/A";
    "<interactive>";
    "tb_encoder8to3behavioral.v";
    "encoder8to3behavioral.v";
