#! /usr/local/bin/vvp
:ivl_version "10.3 (stable)" "(v10_3)";
:ivl_delay_selection "TYPICAL";
:vpi_time_precision + 0;
:vpi_module "system";
:vpi_module "vhdl_sys";
:vpi_module "v2005_math";
:vpi_module "va_math";
S_0x8c1a530 .scope module, "tb_edge_detector" "tb_edge_detector" 2 1;
 .timescale 0 0;
v0x8c18198_0 .var "clk", 0 0;
v0x8c18220_0 .net "fall_pulse", 0 0, L_0x8c185d0;  1 drivers
v0x8c18298_0 .net "rise_pulse", 0 0, L_0x8c184a8;  1 drivers
v0x8c18310_0 .var "rst", 0 0;
v0x8c18388_0 .var "sig", 0 0;
E_0x8bf7668 .event posedge, v0x8c17ea8_0;
S_0x8c1a5f8 .scope module, "uut" "edge_detector" 2 6, 3 1 0, S_0x8c1a530;
 .timescale 0 0;
    .port_info 0 /INPUT 1 "clk"
    .port_info 1 /INPUT 1 "rst"
    .port_info 2 /INPUT 1 "sig"
    .port_info 3 /OUTPUT 1 "rise_pulse"
    .port_info 4 /OUTPUT 1 "fall_pulse"
L_0x8c18428 .functor NOT 1, v0x8c180e0_0, C4<0>, C4<0>, C4<0>;
L_0x8c184a8 .functor AND 1, v0x8c18388_0, L_0x8c18428, C4<1>, C4<1>;
L_0x8c18590 .functor NOT 1, v0x8c18388_0, C4<0>, C4<0>, C4<0>;
L_0x8c185d0 .functor AND 1, L_0x8c18590, v0x8c180e0_0, C4<1>, C4<1>;
v0x8bf6bf0_0 .net *"_s0", 0 0, L_0x8c18428;  1 drivers
v0x8c17e30_0 .net *"_s4", 0 0, L_0x8c18590;  1 drivers
v0x8c17ea8_0 .net "clk", 0 0, v0x8c18198_0;  1 drivers
v0x8c17f18_0 .net "fall_pulse", 0 0, L_0x8c185d0;  alias, 1 drivers
v0x8c17f80_0 .net "rise_pulse", 0 0, L_0x8c184a8;  alias, 1 drivers
v0x8c18010_0 .net "rst", 0 0, v0x8c18310_0;  1 drivers
v0x8c18078_0 .net "sig", 0 0, v0x8c18388_0;  1 drivers
v0x8c180e0_0 .var "sig_prev", 0 0;
E_0x8c1a858 .event posedge, v0x8c18010_0, v0x8c17ea8_0;
    .scope S_0x8c1a5f8;
T_0 ;
    %wait E_0x8c1a858;
    %load/vec4 v0x8c18010_0;
    %flag_set/vec4 8;
    %jmp/0xz  T_0.0, 8;
    %pushi/vec4 0, 0, 1;
    %assign/vec4 v0x8c180e0_0, 0;
    %jmp T_0.1;
T_0.0 ;
    %load/vec4 v0x8c18078_0;
    %assign/vec4 v0x8c180e0_0, 0;
T_0.1 ;
    %jmp T_0;
    .thread T_0;
    .scope S_0x8c1a530;
T_1 ;
    %delay 5, 0;
    %load/vec4 v0x8c18198_0;
    %inv;
    %store/vec4 v0x8c18198_0, 0, 1;
    %jmp T_1;
    .thread T_1;
    .scope S_0x8c1a530;
T_2 ;
    %wait E_0x8bf7668;
    %vpi_call 2 17 "$display", "sig=%b | rise_pulse=%b | fall_pulse=%b", v0x8c18388_0, v0x8c18298_0, v0x8c18220_0 {0 0 0};
    %jmp T_2;
    .thread T_2;
    .scope S_0x8c1a530;
T_3 ;
    %pushi/vec4 0, 0, 1;
    %store/vec4 v0x8c18198_0, 0, 1;
    %pushi/vec4 1, 0, 1;
    %store/vec4 v0x8c18310_0, 0, 1;
    %pushi/vec4 0, 0, 1;
    %store/vec4 v0x8c18388_0, 0, 1;
    %delay 12, 0;
    %pushi/vec4 0, 0, 1;
    %store/vec4 v0x8c18310_0, 0, 1;
    %delay 10, 0;
    %pushi/vec4 1, 0, 1;
    %store/vec4 v0x8c18388_0, 0, 1;
    %delay 20, 0;
    %pushi/vec4 0, 0, 1;
    %store/vec4 v0x8c18388_0, 0, 1;
    %delay 20, 0;
    %pushi/vec4 1, 0, 1;
    %store/vec4 v0x8c18388_0, 0, 1;
    %delay 10, 0;
    %pushi/vec4 0, 0, 1;
    %store/vec4 v0x8c18388_0, 0, 1;
    %delay 20, 0;
    %vpi_call 2 27 "$finish" {0 0 0};
    %end;
    .thread T_3;
# The file index is used to find the file name in the following table.
:file_names 4;
    "N/A";
    "<interactive>";
    "tb_edgeDetector.v";
    "edgeDetector.v";
