#! /usr/local/bin/vvp
:ivl_version "10.3 (stable)" "(v10_3)";
:ivl_delay_selection "TYPICAL";
:vpi_time_precision + 0;
:vpi_module "system";
:vpi_module "vhdl_sys";
:vpi_module "v2005_math";
:vpi_module "va_math";
S_0x86c4ef8 .scope module, "tb_clockDivider" "tb_clockDivider" 2 1;
 .timescale 0 0;
v0x86c1da0_0 .var "clk", 0 0;
v0x86c1e18_0 .net "clk_out", 0 0, v0x86c1c10_0;  1 drivers
v0x86c1e90_0 .var "rst", 0 0;
S_0x86c4fc0 .scope module, "uut" "clockDivider" 2 6, 3 1 0, S_0x86c4ef8;
 .timescale 0 0;
    .port_info 0 /INPUT 1 "clk"
    .port_info 1 /INPUT 1 "rst"
    .port_info 2 /OUTPUT 1 "clk_out"
P_0x86c3640 .param/l "DIV" 0 3 1, +C4<00000000000000000000000000001000>;
P_0x86c3660 .param/l "HALF" 1 3 6, +C4<00000000000000000000000000000100>;
P_0x86c3680 .param/l "WIDTH" 1 3 7, +C4<00000000000000000000000000000011>;
v0x86c3788_0 .net "clk", 0 0, v0x86c1da0_0;  1 drivers
v0x86c1c10_0 .var "clk_out", 0 0;
v0x86c1c78_0 .var "count", 2 0;
v0x86c1cf8_0 .net "rst", 0 0, v0x86c1e90_0;  1 drivers
E_0x86c3730 .event posedge, v0x86c1cf8_0, v0x86c3788_0;
    .scope S_0x86c4fc0;
T_0 ;
    %wait E_0x86c3730;
    %load/vec4 v0x86c1cf8_0;
    %flag_set/vec4 8;
    %jmp/0xz  T_0.0, 8;
    %pushi/vec4 0, 0, 3;
    %assign/vec4 v0x86c1c78_0, 0;
    %pushi/vec4 0, 0, 1;
    %assign/vec4 v0x86c1c10_0, 0;
    %jmp T_0.1;
T_0.0 ;
    %load/vec4 v0x86c1c78_0;
    %pad/u 32;
    %cmpi/e 3, 0, 32;
    %jmp/0xz  T_0.2, 4;
    %load/vec4 v0x86c1c10_0;
    %inv;
    %assign/vec4 v0x86c1c10_0, 0;
    %pushi/vec4 0, 0, 3;
    %assign/vec4 v0x86c1c78_0, 0;
    %jmp T_0.3;
T_0.2 ;
    %load/vec4 v0x86c1c78_0;
    %addi 1, 0, 3;
    %assign/vec4 v0x86c1c78_0, 0;
T_0.3 ;
T_0.1 ;
    %jmp T_0;
    .thread T_0;
    .scope S_0x86c4ef8;
T_1 ;
    %pushi/vec4 0, 0, 1;
    %store/vec4 v0x86c1da0_0, 0, 1;
    %end;
    .thread T_1;
    .scope S_0x86c4ef8;
T_2 ;
    %delay 5, 0;
    %load/vec4 v0x86c1da0_0;
    %inv;
    %store/vec4 v0x86c1da0_0, 0, 1;
    %jmp T_2;
    .thread T_2;
    .scope S_0x86c4ef8;
T_3 ;
    %pushi/vec4 1, 0, 1;
    %store/vec4 v0x86c1e90_0, 0, 1;
    %delay 20, 0;
    %pushi/vec4 0, 0, 1;
    %store/vec4 v0x86c1e90_0, 0, 1;
    %delay 200, 0;
    %vpi_call 2 16 "$finish" {0 0 0};
    %end;
    .thread T_3;
    .scope S_0x86c4ef8;
T_4 ;
    %vpi_call 2 20 "$monitor", "clk=%b | rst=%b | clk_out=%b", v0x86c1da0_0, v0x86c1e90_0, v0x86c1e18_0 {0 0 0};
    %end;
    .thread T_4;
# The file index is used to find the file name in the following table.
:file_names 4;
    "N/A";
    "<interactive>";
    "tb_clockDivider.v";
    "clockDivider.v";
