#! /c/iverilog/bin/vvp
:ivl_version "0.9.7 " "(v0_9_7)";
:vpi_time_precision - 12;
:vpi_module "system";
:vpi_module "v2005_math";
:vpi_module "va_math";
S_01247180 .scope module, "tb_FIFO" "tb_FIFO" 2 2;
 .timescale -9 -12;
P_011652BC .param/l "DEPTH" 2 5, +C4<0100>;
P_011652D0 .param/l "WIDTH" 2 4, +C4<01000>;
v011613C8_0 .var "clk", 0 0;
v011612C0_0 .var "data_in", 7 0;
v01160FA8_0 .net "data_out", 7 0, v011408B0_0; 1 drivers
v01161318_0 .net "empty", 0 0, L_01161580; 1 drivers
v01161478_0 .net "full", 0 0, L_01161160; 1 drivers
v011614D0_0 .var "re_en", 0 0;
v01161108_0 .var "rst", 0 0;
v01161000_0 .var "wr_en", 0 0;
S_0118F128 .scope task, "read" "read" 2 35, 2 35, S_01247180;
 .timescale -9 -12;
TD_tb_FIFO.read ;
    %wait E_011524E0;
    %set/v v011614D0_0, 1, 1;
    %set/v v01161000_0, 0, 1;
    %wait E_01152280;
    %set/v v011614D0_0, 0, 1;
    %end;
S_01247208 .scope task, "write" "write" 2 25, 2 25, S_01247180;
 .timescale -9 -12;
v01161268_0 .var "d", 7 0;
E_011524E0 .event negedge, v01157980_0;
TD_tb_FIFO.write ;
    %wait E_011524E0;
    %set/v v01161000_0, 1, 1;
    %set/v v011614D0_0, 0, 1;
    %load/v 8, v01161268_0, 8;
    %set/v v011612C0_0, 8, 8;
    %wait E_01152280;
    %set/v v01161000_0, 0, 1;
    %end;
S_01247B98 .scope module, "uut" "FIFO" 2 12, 3 1, S_01247180;
 .timescale 0 0;
P_011654B4 .param/l "DEPTH" 3 1, +C4<0100>;
P_011654C8 .param/l "WIDTH" 3 1, +C4<01000>;
v01242D38_0 .net *"_s0", 4 0, L_01161688; 1 drivers
v01154298_0 .net *"_s11", 0 0, C4<0>; 1 drivers
v01165E68_0 .net *"_s12", 3 0, C4<0000>; 1 drivers
v01165EC0_0 .net *"_s3", 1 0, C4<00>; 1 drivers
v01156780_0 .net *"_s4", 4 0, C4<00100>; 1 drivers
v011567D8_0 .net *"_s8", 3 0, L_01161528; 1 drivers
v01157980_0 .net "clk", 0 0, v011613C8_0; 1 drivers
v011579D8_0 .var "count", 2 0;
v01140858_0 .net "data_in", 7 0, v011612C0_0; 1 drivers
v011408B0_0 .var "data_out", 7 0;
v01140908_0 .alias "empty", 0 0, v01161318_0;
v01160F50_0 .alias "full", 0 0, v01161478_0;
v011611B8_0 .var/i "i", 31 0;
v011610B0 .array "memory", 3 0, 7 0;
v01161210_0 .net "re_en", 0 0, v011614D0_0; 1 drivers
v01161420_0 .net "rst", 0 0, v01161108_0; 1 drivers
v01161370_0 .net "wr_en", 0 0, v01161000_0; 1 drivers
E_01152280 .event posedge, v01157980_0;
L_01161688 .concat [ 3 2 0 0], v011579D8_0, C4<00>;
L_01161160 .cmp/eq 5, L_01161688, C4<00100>;
L_01161528 .concat [ 3 1 0 0], v011579D8_0, C4<0>;
L_01161580 .cmp/eq 4, L_01161528, C4<0000>;
    .scope S_01247B98;
T_2 ;
    %wait E_01152280;
    %load/v 8, v01161420_0, 1;
    %jmp/0xz  T_2.0, 8;
    %ix/load 0, 3, 0;
    %assign/v0 v011579D8_0, 0, 0;
    %ix/load 0, 8, 0;
    %assign/v0 v011408B0_0, 0, 0;
    %set/v v011611B8_0, 0, 32;
T_2.2 ;
    %load/v 8, v011611B8_0, 32;
   %cmpi/s 8, 4, 32;
    %jmp/0xz T_2.3, 5;
    %ix/getv/s 3, v011611B8_0;
    %jmp/1 t_0, 4;
    %ix/load 0, 8, 0; word width
    %ix/load 1, 0, 0; part off
    %assign/av v011610B0, 0, 0;
t_0 ;
    %ix/load 0, 1, 0;
    %load/vp0/s 8, v011611B8_0, 32;
    %set/v v011611B8_0, 8, 32;
    %jmp T_2.2;
T_2.3 ;
    %jmp T_2.1;
T_2.0 ;
    %load/v 8, v01160F50_0, 1;
    %inv 8, 1;
    %load/v 9, v01161370_0, 1;
    %and 8, 9, 1;
    %load/v 9, v01140908_0, 1;
    %inv 9, 1;
    %load/v 10, v01161210_0, 1;
    %and 9, 10, 1;
    %inv 9, 1;
    %and 8, 9, 1;
    %jmp/0xz  T_2.4, 8;
    %load/v 8, v01140858_0, 8;
    %ix/getv 3, v011579D8_0;
    %jmp/1 t_1, 4;
    %ix/load 0, 8, 0; word width
    %ix/load 1, 0, 0; part off
    %assign/av v011610B0, 0, 8;
t_1 ;
    %load/v 8, v011579D8_0, 3;
    %mov 11, 0, 29;
    %addi 8, 1, 32;
    %ix/load 0, 3, 0;
    %assign/v0 v011579D8_0, 0, 8;
T_2.4 ;
    %load/v 8, v01140908_0, 1;
    %inv 8, 1;
    %load/v 9, v01161210_0, 1;
    %and 8, 9, 1;
    %load/v 9, v01160F50_0, 1;
    %inv 9, 1;
    %load/v 10, v01161370_0, 1;
    %and 9, 10, 1;
    %inv 9, 1;
    %and 8, 9, 1;
    %jmp/0xz  T_2.6, 8;
    %ix/load 3, 0, 0;
    %mov 4, 0, 1;
    %load/av 8, v011610B0, 8;
    %ix/load 0, 8, 0;
    %assign/v0 v011408B0_0, 0, 8;
    %set/v v011611B8_0, 0, 32;
T_2.8 ;
    %load/v 8, v011611B8_0, 32;
   %cmpi/s 8, 4, 32;
    %jmp/0xz T_2.9, 5;
    %ix/load 0, 1, 0;
    %load/vp0/s 16, v011611B8_0, 32;
    %ix/get/s 3, 16, 32;
    %load/av 8, v011610B0, 8;
    %ix/getv/s 3, v011611B8_0;
    %jmp/1 t_2, 4;
    %ix/load 0, 8, 0; word width
    %ix/load 1, 0, 0; part off
    %assign/av v011610B0, 0, 8;
t_2 ;
    %ix/load 0, 1, 0;
    %load/vp0/s 8, v011611B8_0, 32;
    %set/v v011611B8_0, 8, 32;
    %jmp T_2.8;
T_2.9 ;
    %load/v 8, v011579D8_0, 3;
    %mov 11, 0, 29;
    %subi 8, 1, 32;
    %ix/load 0, 3, 0;
    %assign/v0 v011579D8_0, 0, 8;
T_2.6 ;
T_2.1 ;
    %jmp T_2;
    .thread T_2;
    .scope S_01247180;
T_3 ;
    %delay 5000, 0;
    %load/v 8, v011613C8_0, 1;
    %inv 8, 1;
    %set/v v011613C8_0, 8, 1;
    %jmp T_3;
    .thread T_3;
    .scope S_01247180;
T_4 ;
    %set/v v011613C8_0, 0, 1;
    %set/v v01161108_0, 1, 1;
    %set/v v01161000_0, 0, 1;
    %set/v v011614D0_0, 0, 1;
    %set/v v011612C0_0, 0, 8;
    %wait E_01152280;
    %wait E_01152280;
    %set/v v01161108_0, 0, 1;
    %vpi_call 2 49 "$display", "--- Fill FIFO ---";
    %movi 8, 170, 8;
    %set/v v01161268_0, 8, 8;
    %fork TD_tb_FIFO.write, S_01247208;
    %join;
    %movi 8, 187, 8;
    %set/v v01161268_0, 8, 8;
    %fork TD_tb_FIFO.write, S_01247208;
    %join;
    %movi 8, 204, 8;
    %set/v v01161268_0, 8, 8;
    %fork TD_tb_FIFO.write, S_01247208;
    %join;
    %movi 8, 221, 8;
    %set/v v01161268_0, 8, 8;
    %fork TD_tb_FIFO.write, S_01247208;
    %join;
    %vpi_call 2 54 "$display", "full=%b (expect 1)", v01161478_0;
    %vpi_call 2 56 "$display", "--- Write while full (should be ignored) ---";
    %set/v v01161268_0, 1, 8;
    %fork TD_tb_FIFO.write, S_01247208;
    %join;
    %vpi_call 2 58 "$display", "count unchanged, full=%b", v01161478_0;
    %vpi_call 2 60 "$display", "--- Drain FIFO ---";
    %fork TD_tb_FIFO.read, S_0118F128;
    %join;
    %vpi_call 2 61 "$display", "data_out=%h (expect AA)", v01160FA8_0;
    %fork TD_tb_FIFO.read, S_0118F128;
    %join;
    %vpi_call 2 62 "$display", "data_out=%h (expect BB)", v01160FA8_0;
    %fork TD_tb_FIFO.read, S_0118F128;
    %join;
    %vpi_call 2 63 "$display", "data_out=%h (expect CC)", v01160FA8_0;
    %fork TD_tb_FIFO.read, S_0118F128;
    %join;
    %vpi_call 2 64 "$display", "data_out=%h (expect DD)", v01160FA8_0;
    %vpi_call 2 65 "$display", "empty=%b (expect 1)", v01161318_0;
    %vpi_call 2 67 "$display", "--- Read while empty (should be ignored) ---";
    %fork TD_tb_FIFO.read, S_0118F128;
    %join;
    %vpi_call 2 69 "$display", "empty=%b (expect 1)", v01161318_0;
    %vpi_call 2 71 "$display", "--- Interleaved write/read ---";
    %movi 8, 17, 8;
    %set/v v01161268_0, 8, 8;
    %fork TD_tb_FIFO.write, S_01247208;
    %join;
    %movi 8, 34, 8;
    %set/v v01161268_0, 8, 8;
    %fork TD_tb_FIFO.write, S_01247208;
    %join;
    %fork TD_tb_FIFO.read, S_0118F128;
    %join;
    %vpi_call 2 74 "$display", "data_out=%h (expect 11)", v01160FA8_0;
    %movi 8, 51, 8;
    %set/v v01161268_0, 8, 8;
    %fork TD_tb_FIFO.write, S_01247208;
    %join;
    %fork TD_tb_FIFO.read, S_0118F128;
    %join;
    %vpi_call 2 76 "$display", "data_out=%h (expect 22)", v01160FA8_0;
    %fork TD_tb_FIFO.read, S_0118F128;
    %join;
    %vpi_call 2 77 "$display", "data_out=%h (expect 33)", v01160FA8_0;
    %vpi_call 2 79 "$display", "--- Reset mid-operation ---";
    %movi 8, 171, 8;
    %set/v v01161268_0, 8, 8;
    %fork TD_tb_FIFO.write, S_01247208;
    %join;
    %movi 8, 205, 8;
    %set/v v01161268_0, 8, 8;
    %fork TD_tb_FIFO.write, S_01247208;
    %join;
    %set/v v01161108_0, 1, 1;
    %wait E_01152280;
    %set/v v01161108_0, 0, 1;
    %vpi_call 2 85 "$display", "empty=%b (expect 1)", v01161318_0;
    %vpi_call 2 87 "$finish";
    %end;
    .thread T_4;
    .scope S_01247180;
T_5 ;
    %vpi_call 2 90 "$monitor", "clk=%b wr=%b re=%b din=%h | dout=%h full=%b empty=%b", v011613C8_0, v01161000_0, v011614D0_0, v011612C0_0, v01160FA8_0, v01161478_0, v01161318_0;
    %end;
    .thread T_5;
# The file index is used to find the file name in the following table.
:file_names 4;
    "N/A";
    "<interactive>";
    "tb_FIFO.v";
    "FIFO.v";
