#! /usr/local/bin/vvp
:ivl_version "10.3 (stable)" "(v10_3)";
:ivl_delay_selection "TYPICAL";
:vpi_time_precision + 0;
:vpi_module "system";
:vpi_module "vhdl_sys";
:vpi_module "v2005_math";
:vpi_module "va_math";
S_0x85e6a78 .scope module, "tb_ring_counter" "tb_ring_counter" 2 1;
 .timescale 0 0;
P_0x85c3a18 .param/l "N" 0 2 3, +C4<00000000000000000000000000001000>;
v0x85e3fe0_0 .var "clk", 0 0;
v0x85e4068_0 .var "load", 0 0;
v0x85e40e0_0 .var "load_value", 7 0;
v0x85e4158_0 .net "q", 7 0, v0x85e3e88_0;  1 drivers
v0x85e41d0_0 .var "rst", 0 0;
E_0x85e6c48 .event posedge, v0x85e5788_0;
S_0x85e5640 .scope module, "uut" "ring_counter" 2 9, 3 1 0, S_0x85e6a78;
 .timescale 0 0;
    .port_info 0 /INPUT 1 "clk"
    .port_info 1 /INPUT 1 "rst"
    .port_info 2 /INPUT 1 "load"
    .port_info 3 /INPUT 8 "load_value"
    .port_info 4 /OUTPUT 8 "q"
P_0x85e5708 .param/l "N" 0 3 1, +C4<00000000000000000000000000001000>;
v0x85e5788_0 .net "clk", 0 0, v0x85e3fe0_0;  1 drivers
v0x85e3da0_0 .net "load", 0 0, v0x85e4068_0;  1 drivers
v0x85e3e08_0 .net "load_value", 7 0, v0x85e40e0_0;  1 drivers
v0x85e3e88_0 .var "q", 7 0;
v0x85e3f00_0 .net "rst", 0 0, v0x85e41d0_0;  1 drivers
E_0x85e6b70 .event posedge, v0x85e3f00_0, v0x85e5788_0;
    .scope S_0x85e5640;
T_0 ;
    %wait E_0x85e6b70;
    %load/vec4 v0x85e3f00_0;
    %flag_set/vec4 8;
    %jmp/0xz  T_0.0, 8;
    %pushi/vec4 1, 0, 8;
    %assign/vec4 v0x85e3e88_0, 0;
    %jmp T_0.1;
T_0.0 ;
    %load/vec4 v0x85e3da0_0;
    %flag_set/vec4 8;
    %jmp/0xz  T_0.2, 8;
    %load/vec4 v0x85e3e08_0;
    %assign/vec4 v0x85e3e88_0, 0;
    %jmp T_0.3;
T_0.2 ;
    %load/vec4 v0x85e3e88_0;
    %parti/s 7, 0, 2;
    %load/vec4 v0x85e3e88_0;
    %parti/s 1, 7, 4;
    %concat/vec4; draw_concat_vec4
    %assign/vec4 v0x85e3e88_0, 0;
T_0.3 ;
T_0.1 ;
    %jmp T_0;
    .thread T_0;
    .scope S_0x85e6a78;
T_1 ;
    %delay 5, 0;
    %load/vec4 v0x85e3fe0_0;
    %inv;
    %store/vec4 v0x85e3fe0_0, 0, 1;
    %jmp T_1;
    .thread T_1;
    .scope S_0x85e6a78;
T_2 ;
    %wait E_0x85e6c48;
    %vpi_call 2 20 "$display", "q=%b | load=%b | load_value=%b", v0x85e4158_0, v0x85e4068_0, v0x85e40e0_0 {0 0 0};
    %jmp T_2;
    .thread T_2;
    .scope S_0x85e6a78;
T_3 ;
    %pushi/vec4 0, 0, 1;
    %store/vec4 v0x85e3fe0_0, 0, 1;
    %pushi/vec4 1, 0, 1;
    %store/vec4 v0x85e41d0_0, 0, 1;
    %pushi/vec4 0, 0, 1;
    %store/vec4 v0x85e4068_0, 0, 1;
    %pushi/vec4 0, 0, 8;
    %store/vec4 v0x85e40e0_0, 0, 8;
    %delay 12, 0;
    %pushi/vec4 0, 0, 1;
    %store/vec4 v0x85e41d0_0, 0, 1;
    %delay 50, 0;
    %pushi/vec4 1, 0, 1;
    %store/vec4 v0x85e4068_0, 0, 1;
    %pushi/vec4 8, 0, 8;
    %store/vec4 v0x85e40e0_0, 0, 8;
    %delay 10, 0;
    %pushi/vec4 0, 0, 1;
    %store/vec4 v0x85e4068_0, 0, 1;
    %delay 50, 0;
    %pushi/vec4 1, 0, 1;
    %store/vec4 v0x85e41d0_0, 0, 1;
    %delay 10, 0;
    %pushi/vec4 0, 0, 1;
    %store/vec4 v0x85e41d0_0, 0, 1;
    %delay 30, 0;
    %vpi_call 2 34 "$finish" {0 0 0};
    %end;
    .thread T_3;
# The file index is used to find the file name in the following table.
:file_names 4;
    "N/A";
    "<interactive>";
    "tb_ringCounter.v";
    "ringCounter.v";
